2025-03-11 15:19:10,874 - INFO - 程序启动，正在加载配置...
2025-03-11 15:19:10,920 - INFO - 正在读取输入数据...
2025-03-11 15:19:11,731 - INFO - 数据处理中...
2025-03-11 15:19:11,770 - ERROR - 处理过程中发生错误: index 0 is out of bounds for axis 0 with size 0
2025-03-11 15:19:11,779 - ERROR - 程序运行失败: index 0 is out of bounds for axis 0 with size 0
2025-03-11 15:20:03,894 - INFO - 程序启动，正在加载配置...
2025-03-11 15:20:03,913 - INFO - 正在读取输入数据...
2025-03-11 15:20:04,588 - INFO - 数据处理中...
2025-03-11 15:20:04,627 - ERROR - 处理过程中发生错误: index 0 is out of bounds for axis 0 with size 0
2025-03-11 15:20:04,638 - ERROR - 程序运行失败: index 0 is out of bounds for axis 0 with size 0
2025-03-11 15:27:38,236 - INFO - 程序启动，正在加载配置...
2025-03-11 15:27:38,347 - INFO - 正在读取输入数据...
2025-03-11 15:27:39,043 - INFO - 数据处理中...
2025-03-11 15:27:39,093 - WARNING - 未找到精确匹配点，使用最近邻索引: 8
2025-03-11 15:27:39,099 - WARNING - 未找到精确匹配点，使用最近邻索引: 8
2025-03-11 15:27:39,107 - WARNING - 未找到精确匹配点，使用最近邻索引: 8
2025-03-11 15:27:39,113 - WARNING - 未找到精确匹配点，使用最近邻索引: 8
2025-03-11 15:27:39,122 - WARNING - 未找到精确匹配点，使用最近邻索引: 8
2025-03-11 15:27:39,128 - WARNING - 未找到精确匹配点，使用最近邻索引: 8
2025-03-11 15:27:39,134 - WARNING - 未找到精确匹配点，使用最近邻索引: 8
2025-03-11 15:27:39,177 - WARNING - 未找到精确匹配点，使用最近邻索引: 8
2025-03-11 15:27:39,215 - WARNING - 未找到精确匹配点，使用最近邻索引: 8
2025-03-11 15:27:39,255 - WARNING - 未找到精确匹配点，使用最近邻索引: 8
2025-03-11 15:27:39,291 - WARNING - 未找到精确匹配点，使用最近邻索引: 8
2025-03-11 15:27:39,324 - WARNING - 未找到精确匹配点，使用最近邻索引: 8
2025-03-11 15:27:39,368 - WARNING - 未找到精确匹配点，使用最近邻索引: 8
2025-03-11 15:27:39,407 - WARNING - 未找到精确匹配点，使用最近邻索引: 8
2025-03-11 15:27:39,441 - WARNING - 未找到精确匹配点，使用最近邻索引: 8
2025-03-11 15:27:39,481 - WARNING - 未找到精确匹配点，使用最近邻索引: 8
2025-03-11 15:27:39,512 - WARNING - 未找到精确匹配点，使用最近邻索引: 8
2025-03-11 15:27:39,545 - WARNING - 未找到精确匹配点，使用最近邻索引: 8
2025-03-11 15:27:39,576 - WARNING - 未找到精确匹配点，使用最近邻索引: 8
2025-03-11 15:27:39,607 - WARNING - 未找到精确匹配点，使用最近邻索引: 8
2025-03-11 15:27:39,636 - WARNING - 未找到精确匹配点，使用最近邻索引: 8
2025-03-11 15:27:39,684 - WARNING - 未找到精确匹配点，使用最近邻索引: 8
2025-03-11 15:27:39,718 - WARNING - 未找到精确匹配点，使用最近邻索引: 8
2025-03-11 15:27:39,745 - WARNING - 未找到精确匹配点，使用最近邻索引: 8
2025-03-11 15:27:39,785 - WARNING - 未找到精确匹配点，使用最近邻索引: 8
2025-03-11 15:27:39,814 - WARNING - 未找到精确匹配点，使用最近邻索引: 8
2025-03-11 15:27:39,844 - WARNING - 未找到精确匹配点，使用最近邻索引: 8
2025-03-11 15:27:39,885 - WARNING - 未找到精确匹配点，使用最近邻索引: 8
2025-03-11 15:27:39,922 - WARNING - 未找到精确匹配点，使用最近邻索引: 8
2025-03-11 15:27:39,952 - WARNING - 未找到精确匹配点，使用最近邻索引: 8
2025-03-11 15:27:39,986 - WARNING - 未找到精确匹配点，使用最近邻索引: 8
2025-03-11 15:27:40,015 - WARNING - 未找到精确匹配点，使用最近邻索引: 8
2025-03-11 15:27:40,036 - WARNING - 未找到精确匹配点，使用最近邻索引: 8
2025-03-11 15:27:40,093 - ERROR - 处理过程中发生错误: index 0 is out of bounds for axis 0 with size 0
2025-03-11 15:27:40,126 - ERROR - 程序运行失败: index 0 is out of bounds for axis 0 with size 0
